0 verbose cli /usr/bin/node /usr/bin/npm
1 info using npm@9.2.0
2 info using node@v20.18.1
3 timing npm:load:whichnode Completed in 0ms
4 timing config:load:defaults Completed in 3ms
5 timing config:load:file:/usr/share/nodejs/npm/npmrc Completed in 5ms
6 timing config:load:builtin Completed in 5ms
7 timing config:load:cli Completed in 2ms
8 timing config:load:env Completed in 0ms
9 timing config:load:file:/root/hypepos/Web/frontend/.npmrc Completed in 1ms
10 timing config:load:project Completed in 4ms
11 timing config:load:file:/root/.npmrc Completed in 1ms
12 timing config:load:user Completed in 1ms
13 timing config:load:file:/etc/npmrc Completed in 0ms
14 timing config:load:global Completed in 0ms
15 timing config:load:setEnvs Completed in 2ms
16 timing config:load Completed in 19ms
17 timing npm:load:configload Completed in 19ms
18 timing npm:load:mkdirpcache Completed in 0ms
19 timing npm:load:mkdirplogs Completed in 1ms
20 verbose title npm run dev
21 verbose argv "run" "dev"
22 timing npm:load:setTitle Completed in 1ms
23 timing config:load:flatten Completed in 5ms
24 timing npm:load:display Completed in 7ms
25 verbose logfile logs-max:10 dir:/root/.npm/_logs/2025-10-09T08_44_52_417Z-
26 verbose logfile /root/.npm/_logs/2025-10-09T08_44_52_417Z-debug-0.log
27 timing npm:load:logFile Completed in 12ms
28 timing npm:load:timers Completed in 0ms
29 timing npm:load:configScope Completed in 0ms
30 timing npm:load Completed in 44ms
31 silly logfile done cleaning log files
32 timing command:run Completed in 3ms
33 verbose stack Error: ENOENT: no such file or directory, open '/root/hypepos/Web/frontend/package.json'
34 verbose cwd /root/hypepos/Web/frontend
35 verbose Linux 6.14.0-33-generic
36 verbose node v20.18.1
37 verbose npm  v9.2.0
38 error code ENOENT
39 error syscall open
40 error path /root/hypepos/Web/frontend/package.json
41 error errno -2
42 error enoent ENOENT: no such file or directory, open '/root/hypepos/Web/frontend/package.json'
43 error enoent This is related to npm not being able to find a file.
43 error enoent
44 verbose exit -2
45 timing npm Completed in 74ms
46 verbose code -2
47 error A complete log of this run can be found in:
47 error     /root/.npm/_logs/2025-10-09T08_44_52_417Z-debug-0.log
